2020-05-27 18:35:21,500 - instabot version: 0.117.0 (bot) - INFO - Instabot version: 0.117.0 Started
2020-05-27 18:35:21,501 - instabot version: 0.117.0 (bot) - DEBUG - Bot imported from C:\Users\user\Anaconda3\lib\site-packages\instabot\bot\bot.py
2020-05-27 18:35:21,502 - instabot version: 0.117.0 (api_login) - DEBUG - Loading cookies
2020-05-27 18:35:21,502 - instabot version: 0.117.0 (api_login) - DEBUG - Loading uuids
2020-05-27 18:35:21,502 - instabot version: 0.117.0 (api_login) - INFO - Recovery from C:\Users\user\ig_nst/config/joe_ng03_uuid_and_cookie.json: COOKIE True - UUIDs True - TIMING, DEVICE and ...
- user-agent=Instagram 117.0.0.28.123 Android (28/9.0; 420dpi; 1080x1920; OnePlus; ONEPLUS A3003; OnePlus3; qcom; en_US; 180322800)
- phone_id=65810d7e-3b9d-48f9-bf12-ef9b099deb48
- uuid=36fb7d45-b97a-4056-8457-eb908128d254
- client_session_id=1f09faa0-47b4-4fe1-acc6-e2ae1e4f741b
- device_id=android-968ed922e806a961
2020-05-27 18:35:21,523 - instabot version: 0.117.0 (api_login) - INFO - LOGIN FLOW! Just logged-in: False
2020-05-27 18:35:23,329 - instabot version: 0.117.0 (api) - DEBUG - POST to endpoint: feed/timeline/ returned response: <Response [200]>
2020-05-27 18:35:24,112 - instabot version: 0.117.0 (api) - DEBUG - POST to endpoint: feed/reels_tray/ returned response: <Response [200]>
2020-05-27 18:35:24,123 - instabot version: 0.117.0 (api) - INFO - Logged-in successfully as 'joe_ng03'!
2020-05-27 18:35:24,126 - instabot version: 0.117.0 (bot_checkpoint) - DEBUG - Loading Checkpoint file from: C:\Users\user\ig_nst/config/joe_ng03.checkpoint
2020-05-27 18:35:44,796 - instabot version: 0.117.0 (api) - DEBUG - POST to endpoint: media/configure/? returned response: <Response [200]>
2020-05-27 18:35:45,140 - instabot version: 0.117.0 (api) - DEBUG - POST to endpoint: qe/expose/ returned response: <Response [200]>
2020-05-27 18:35:45,143 - instabot version: 0.117.0 (bot_photo) - INFO - Photo 'C:\Users\user\ig_nst\0.jpg' is uploaded.
2020-05-27 18:37:02,000 - instabot version: 0.117.0 (bot_checkpoint) - DEBUG - Saving Checkpoint file to: C:\Users\user\ig_nst/config/joe_ng03.checkpoint
2020-05-27 18:37:02,001 - instabot version: 0.117.0 (bot) - INFO - Total requests: 33
